<?xml version="1.0" encoding="UTF-8"?>
<robot generator="Robot 5.0.1 (Python 3.10.4 on win32)" generated="20221212 13:16:23.195" rpa="false" schemaversion="3">
<suite id="s1" name="amazon TesteCase" source="C:\Users\raphael.maciel\Documents\cursoUdemy\RobotFramework\WebTesting\amazon_TesteCase.robot">
<test id="s1-t1" name="Casos de teste 1- acesso ao menu &quot;Eletrônicos&quot;" line="8">
<kw name="Abrir o navegador" library="amazon_resources" type="SETUP">
<kw name="Open Browser" library="SeleniumLibrary">
<arg>browser=chrome</arg>
<doc>Opens a new browser instance to the optional ``url``.</doc>
<msg timestamp="20221212 13:16:23.387" level="INFO">Opening browser 'chrome' to base url 'None'.</msg>
<status status="PASS" starttime="20221212 13:16:23.387" endtime="20221212 13:16:24.655"/>
</kw>
<kw name="Maximize Browser Window" library="SeleniumLibrary">
<doc>Maximizes current browser window.</doc>
<status status="PASS" starttime="20221212 13:16:24.655" endtime="20221212 13:16:24.780"/>
</kw>
<status status="PASS" starttime="20221212 13:16:23.386" endtime="20221212 13:16:24.780"/>
</kw>
<kw name="Acessar o home page do site da Amazon.com.br" library="amazon_resources">
<kw name="Go To" library="SeleniumLibrary">
<arg>${URL}</arg>
<doc>Navigates the current browser window to the provided ``url``.</doc>
<msg timestamp="20221212 13:16:24.782" level="INFO">Opening url 'https://www.amazon.com.br/ref=nav_logo'</msg>
<status status="PASS" starttime="20221212 13:16:24.782" endtime="20221212 13:16:27.808"/>
</kw>
<kw name="Wait Until Element Is Visible" library="SeleniumLibrary">
<arg>${MENU_ELETRONICOS}</arg>
<doc>Waits until the element ``locator`` is visible.</doc>
<status status="PASS" starttime="20221212 13:16:27.809" endtime="20221212 13:16:27.838"/>
</kw>
<status status="PASS" starttime="20221212 13:16:24.782" endtime="20221212 13:16:27.838"/>
</kw>
<kw name="Entrar no menu Eletrônicos" library="amazon_resources">
<kw name="Click Element" library="SeleniumLibrary">
<arg>${MENU_ELETRONICOS}</arg>
<doc>Click the element identified by ``locator``.</doc>
<msg timestamp="20221212 13:16:27.840" level="INFO">Clicking element '//a[@href='/Eletronicos-e-Tecnologia/b/?ie=UTF8&amp;node=16209062011&amp;ref_=nav_cs_electronics'][contains(.,'Eletrônicos')]'.</msg>
<status status="PASS" starttime="20221212 13:16:27.839" endtime="20221212 13:16:29.986"/>
</kw>
<status status="PASS" starttime="20221212 13:16:27.839" endtime="20221212 13:16:29.987"/>
</kw>
<kw name="Verificar se aparece a frase &quot;Eletrônicos e Tecnologia&quot;" library="amazon_resources">
<kw name="Wait Until Page Contains" library="SeleniumLibrary">
<arg>${TEXTO_HEADER_ELETRONICOS}</arg>
<doc>Waits until ``text`` appears on the current page.</doc>
<status status="PASS" starttime="20221212 13:16:29.989" endtime="20221212 13:16:30.068"/>
</kw>
<kw name="Wait Until Element Is Visible" library="SeleniumLibrary">
<arg>${HEADER_ELETRONICOS}</arg>
<doc>Waits until the element ``locator`` is visible.</doc>
<status status="PASS" starttime="20221212 13:16:30.069" endtime="20221212 13:16:30.132"/>
</kw>
<status status="PASS" starttime="20221212 13:16:29.988" endtime="20221212 13:16:30.132"/>
</kw>
<kw name="Verificar se o titulo da página fica &quot;Eletrônicos e Tecnologia | Amazon.com.br&quot;" library="amazon_resources" sourcename="Verificar se o titulo da página fica &quot;${TITULO}&quot;">
<kw name="Title Should Be" library="SeleniumLibrary">
<arg>${TITULO}</arg>
<doc>Verifies that the current page title equals ``title``.</doc>
<msg timestamp="20221212 13:16:30.151" level="INFO">Page title is 'Eletrônicos e Tecnologia | Amazon.com.br'.</msg>
<status status="PASS" starttime="20221212 13:16:30.133" endtime="20221212 13:16:30.151"/>
</kw>
<status status="PASS" starttime="20221212 13:16:30.133" endtime="20221212 13:16:30.151"/>
</kw>
<kw name="Verificar se aparece a categoria &quot;Computadores e Informática&quot;" library="amazon_resources" sourcename="Verificar se aparece a categoria &quot;${NOME_CATEGORIA}&quot;">
<kw name="Element Should Be Visible" library="SeleniumLibrary">
<arg>locator=//a[@aria-label='${NOME_CATEGORIA}']</arg>
<doc>Verifies that the element identified by ``locator`` is visible.</doc>
<msg timestamp="20221212 13:16:30.206" level="INFO">Element '//a[@aria-label='Computadores e Informática']' is displayed.</msg>
<status status="PASS" starttime="20221212 13:16:30.152" endtime="20221212 13:16:30.206"/>
</kw>
<status status="PASS" starttime="20221212 13:16:30.152" endtime="20221212 13:16:30.206"/>
</kw>
<kw name="Fechar o navegador" library="amazon_resources" type="TEARDOWN">
<kw name="Capture Page Screenshot" library="SeleniumLibrary">
<doc>Takes a screenshot of the current page and embeds it into a log file.</doc>
<msg timestamp="20221212 13:16:30.375" level="INFO" html="true">&lt;/td&gt;&lt;/tr&gt;&lt;tr&gt;&lt;td colspan="3"&gt;&lt;a href="selenium-screenshot-7.png"&gt;&lt;img src="selenium-screenshot-7.png" width="800px"&gt;&lt;/a&gt;</msg>
<status status="PASS" starttime="20221212 13:16:30.207" endtime="20221212 13:16:30.375"/>
</kw>
<kw name="Close Browser" library="SeleniumLibrary">
<doc>Closes the current browser.</doc>
<status status="PASS" starttime="20221212 13:16:30.376" endtime="20221212 13:16:32.604"/>
</kw>
<status status="PASS" starttime="20221212 13:16:30.207" endtime="20221212 13:16:32.604"/>
</kw>
<doc>Esse teste verifica o menu eletrônico no site Amazon.com.br
e verifica a categoria Computadores e Informática</doc>
<tag>menus categorias</tag>
<status status="PASS" starttime="20221212 13:16:23.385" endtime="20221212 13:16:32.606"/>
</test>
<test id="s1-t2" name="Casos de teste 2- Pesquisa de produto" line="18">
<kw name="Abrir o navegador" library="amazon_resources" type="SETUP">
<kw name="Open Browser" library="SeleniumLibrary">
<arg>browser=chrome</arg>
<doc>Opens a new browser instance to the optional ``url``.</doc>
<msg timestamp="20221212 13:16:32.615" level="INFO">Opening browser 'chrome' to base url 'None'.</msg>
<status status="PASS" starttime="20221212 13:16:32.613" endtime="20221212 13:16:33.944"/>
</kw>
<kw name="Maximize Browser Window" library="SeleniumLibrary">
<doc>Maximizes current browser window.</doc>
<status status="PASS" starttime="20221212 13:16:33.946" endtime="20221212 13:16:34.068"/>
</kw>
<status status="PASS" starttime="20221212 13:16:32.612" endtime="20221212 13:16:34.069"/>
</kw>
<kw name="Acessar o home page do site da Amazon.com.br" library="amazon_resources">
<kw name="Go To" library="SeleniumLibrary">
<arg>${URL}</arg>
<doc>Navigates the current browser window to the provided ``url``.</doc>
<msg timestamp="20221212 13:16:34.072" level="INFO">Opening url 'https://www.amazon.com.br/ref=nav_logo'</msg>
<status status="PASS" starttime="20221212 13:16:34.071" endtime="20221212 13:16:36.990"/>
</kw>
<kw name="Wait Until Element Is Visible" library="SeleniumLibrary">
<arg>${MENU_ELETRONICOS}</arg>
<doc>Waits until the element ``locator`` is visible.</doc>
<status status="PASS" starttime="20221212 13:16:36.990" endtime="20221212 13:16:37.042"/>
</kw>
<status status="PASS" starttime="20221212 13:16:34.070" endtime="20221212 13:16:37.042"/>
</kw>
<kw name="Digitar o nome do produto &quot;xbox series S&quot; no campo de Pesquisa" library="amazon_resources">
<kw name="Input Text" library="SeleniumLibrary">
<arg>locator=${TEXTO_PESQUISAR}</arg>
<arg>text=xbox series s</arg>
<doc>Types the given ``text`` into the text field identified by ``locator``.</doc>
<msg timestamp="20221212 13:16:37.044" level="INFO">Typing text 'xbox series s' into text field '//input[contains(@type,'text')]'.</msg>
<status status="PASS" starttime="20221212 13:16:37.043" endtime="20221212 13:16:37.332"/>
</kw>
<status status="PASS" starttime="20221212 13:16:37.043" endtime="20221212 13:16:37.332"/>
</kw>
<kw name="Clicar no botão de pesquisa" library="amazon_resources">
<kw name="Click Element" library="SeleniumLibrary">
<arg>locator=${PESQUISAR}</arg>
<doc>Click the element identified by ``locator``.</doc>
<msg timestamp="20221212 13:16:37.334" level="INFO">Clicking element '//input[contains(@type,'submit')]'.</msg>
<status status="PASS" starttime="20221212 13:16:37.333" endtime="20221212 13:16:39.836"/>
</kw>
<status status="PASS" starttime="20221212 13:16:37.333" endtime="20221212 13:16:39.836"/>
</kw>
<kw name="Verificar o resultado da pesquisa se esta listando o produto pesquisado" library="amazon_resources">
<kw name="Wait Until Element Is Visible" library="SeleniumLibrary">
<arg>locator=${RESPOSTA_PESQUISA}</arg>
<doc>Waits until the element ``locator`` is visible.</doc>
<status status="PASS" starttime="20221212 13:16:39.840" endtime="20221212 13:16:39.967"/>
</kw>
<kw name="Wait Until Page Contains" library="SeleniumLibrary">
<arg>text=xbox series s</arg>
<doc>Waits until ``text`` appears on the current page.</doc>
<status status="PASS" starttime="20221212 13:16:39.967" endtime="20221212 13:16:40.007"/>
</kw>
<status status="PASS" starttime="20221212 13:16:39.838" endtime="20221212 13:16:40.008"/>
</kw>
<kw name="Fechar o navegador" library="amazon_resources" type="TEARDOWN">
<kw name="Capture Page Screenshot" library="SeleniumLibrary">
<doc>Takes a screenshot of the current page and embeds it into a log file.</doc>
<msg timestamp="20221212 13:16:40.166" level="INFO" html="true">&lt;/td&gt;&lt;/tr&gt;&lt;tr&gt;&lt;td colspan="3"&gt;&lt;a href="selenium-screenshot-8.png"&gt;&lt;img src="selenium-screenshot-8.png" width="800px"&gt;&lt;/a&gt;</msg>
<status status="PASS" starttime="20221212 13:16:40.008" endtime="20221212 13:16:40.167"/>
</kw>
<kw name="Close Browser" library="SeleniumLibrary">
<doc>Closes the current browser.</doc>
<status status="PASS" starttime="20221212 13:16:40.167" endtime="20221212 13:16:42.369"/>
</kw>
<status status="PASS" starttime="20221212 13:16:40.008" endtime="20221212 13:16:42.369"/>
</kw>
<doc>Esse teste verifica a busca do produto</doc>
<tag>busca_produtos lista_produtos</tag>
<status status="PASS" starttime="20221212 13:16:32.609" endtime="20221212 13:16:42.371"/>
</test>
<doc>Esse suite testa o site do Amazon.com.br</doc>
<status status="PASS" starttime="20221212 13:16:23.196" endtime="20221212 13:16:42.376"/>
</suite>
<statistics>
<total>
<stat pass="2" fail="0" skip="0">All Tests</stat>
</total>
<tag>
<stat pass="1" fail="0" skip="0">busca_produtos lista_produtos</stat>
<stat pass="1" fail="0" skip="0">menus categorias</stat>
</tag>
<suite>
<stat pass="2" fail="0" skip="0" id="s1" name="amazon TesteCase">amazon TesteCase</stat>
</suite>
</statistics>
<errors>
</errors>
</robot>
